<?xml version="1.0" encoding="UTF-8"?>
<!-- Generated by org.testng.reporters.JUnitXMLReporter -->
<testsuite ignored="0" hostname="LAPTOP-LQD6JG7P" failures="0" tests="5" name="Default test" time="4.546" errors="0" timestamp="2021-06-02T09:42:47 IST">
  <testcase classname="pages_test_pom.Add_cart_test" name="login" time="0.565"/>
  <testcase classname="pages_test_pom.Add_cart_test" name="add_to_cart" time="0.079"/>
  <testcase classname="pages_test_pom.Add_cart_test" name="Checkout" time="0.208"/>
  <testcase classname="pages_test_pom.Add_cart_test" name="Enter_checkout_info" time="0.382"/>
  <testcase classname="pages_test_pom.Add_cart_test" name="finish_Order" time="0.143"/>
</testsuite> <!-- Default test -->
