<?xml version="1.0" encoding="UTF-8"?>
<testng-results ignored="0" total="5" passed="5" failed="0" skipped="0">
  <reporter-output>
  </reporter-output>
  <suite started-at="2021-06-02T09:42:42 IST" name="Default suite" finished-at="2021-06-02T09:42:47 IST" duration-ms="4546">
    <groups>
    </groups>
    <test started-at="2021-06-02T09:42:42 IST" name="Default test" finished-at="2021-06-02T09:42:47 IST" duration-ms="4546">
      <class name="pages_test_pom.Add_cart_test">
        <test-method is-config="true" signature="openapp()[pri:0, instance:pages_test_pom.Add_cart_test@483f6d77]" started-at="2021-06-02T09:42:42 IST" name="openapp" finished-at="2021-06-02T09:42:45 IST" duration-ms="2800" status="PASS">
          <reporter-output>
          </reporter-output>
        </test-method> <!-- openapp -->
        <test-method signature="login()[pri:1, instance:pages_test_pom.Add_cart_test@483f6d77]" started-at="2021-06-02T09:42:45 IST" name="login" finished-at="2021-06-02T09:42:46 IST" duration-ms="565" status="PASS">
          <reporter-output>
          </reporter-output>
        </test-method> <!-- login -->
        <test-method signature="add_to_cart()[pri:2, instance:pages_test_pom.Add_cart_test@483f6d77]" started-at="2021-06-02T09:42:46 IST" name="add_to_cart" finished-at="2021-06-02T09:42:46 IST" duration-ms="79" status="PASS">
          <reporter-output>
          </reporter-output>
        </test-method> <!-- add_to_cart -->
        <test-method signature="Checkout()[pri:3, instance:pages_test_pom.Add_cart_test@483f6d77]" started-at="2021-06-02T09:42:46 IST" name="Checkout" finished-at="2021-06-02T09:42:46 IST" duration-ms="208" status="PASS">
          <reporter-output>
          </reporter-output>
        </test-method> <!-- Checkout -->
        <test-method signature="Enter_checkout_info()[pri:4, instance:pages_test_pom.Add_cart_test@483f6d77]" started-at="2021-06-02T09:42:46 IST" name="Enter_checkout_info" finished-at="2021-06-02T09:42:46 IST" duration-ms="382" status="PASS">
          <reporter-output>
          </reporter-output>
        </test-method> <!-- Enter_checkout_info -->
        <test-method signature="finish_Order()[pri:5, instance:pages_test_pom.Add_cart_test@483f6d77]" started-at="2021-06-02T09:42:46 IST" name="finish_Order" finished-at="2021-06-02T09:42:46 IST" duration-ms="143" status="PASS">
          <reporter-output>
          </reporter-output>
        </test-method> <!-- finish_Order -->
        <test-method is-config="true" signature="close()[pri:0, instance:pages_test_pom.Add_cart_test@483f6d77]" started-at="2021-06-02T09:42:46 IST" name="close" finished-at="2021-06-02T09:42:47 IST" duration-ms="263" status="PASS">
          <reporter-output>
          </reporter-output>
        </test-method> <!-- close -->
      </class> <!-- pages_test_pom.Add_cart_test -->
    </test> <!-- Default test -->
  </suite> <!-- Default suite -->
</testng-results>
